<?xml version="1.0" encoding="UTF-8"?>
<!-- Generated by org.testng.reporters.JUnitXMLReporter -->
<testsuite ignored="0" hostname="DESKTOP-D783K9I" failures="0" tests="1" name="Default test" time="39.717" errors="0" timestamp="2023-10-10T09:05:50 IST">
  <testcase classname="vTiger.GenericLibrary.BaseClass" name="@BeforeClass beforeclass" time="39.49">
    <failure type="org.openqa.selenium.SessionNotCreatedException" message="session not created: This version of ChromeDriver only supports Chrome version 114
Current browser version is 117.0.5938.150 with binary path C:\Program Files\Google\Chrome\Application\chrome.exe
Build info: version: &amp;apos;3.141.59&amp;apos;, revision: &amp;apos;e82be7d358&amp;apos;, time: &amp;apos;2018-11-14T08:17:03&amp;apos;
System info: host: &amp;apos;DESKTOP-D783K9I&amp;apos;, ip: &amp;apos;192.168.74.1&amp;apos;, os.name: &amp;apos;Windows 10&amp;apos;, os.arch: &amp;apos;amd64&amp;apos;, os.version: &amp;apos;10.0&amp;apos;, java.version: &amp;apos;17.0.5&amp;apos;
Driver info: driver.version: ChromeDriver
remote stacktrace: Backtrace:
	GetHandleVerifier [0x0144A813+48355]
	(No symbol) [0x013DC4B1]
	(No symbol) [0x012E5358]
	(No symbol) [0x013061AC]
	(No symbol) [0x01301EF3]
	(No symbol) [0x01300579]
	(No symbol) [0x01330C55]
	(No symbol) [0x0133093C]
	(No symbol) [0x0132A536]
	(No symbol) [0x013082DC]
	(No symbol) [0x013093DD]
	GetHandleVerifier [0x016AAABD+2539405]
	GetHandleVerifier [0x016EA78F+2800735]
	GetHandleVerifier [0x016E456C+2775612]
	GetHandleVerifier [0x014D51E0+616112]
	(No symbol) [0x013E5F8C]
	(No symbol) [0x013E2328]
	(No symbol) [0x013E240B]
	(No symbol) [0x013D4FF7]
	BaseThreadInitThunk [0x76BF3744+36]
	RtlSetCurrentTransaction [0x77A7A064+212]
	RtlSetCurrentTransaction [0x77A7A02F+159]
">
      <![CDATA[org.openqa.selenium.SessionNotCreatedException: session not created: This version of ChromeDriver only supports Chrome version 114
Current browser version is 117.0.5938.150 with binary path C:\Program Files\Google\Chrome\Application\chrome.exe
Build info: version: '3.141.59', revision: 'e82be7d358', time: '2018-11-14T08:17:03'
System info: host: 'DESKTOP-D783K9I', ip: '192.168.74.1', os.name: 'Windows 10', os.arch: 'amd64', os.version: '10.0', java.version: '17.0.5'
Driver info: driver.version: ChromeDriver
remote stacktrace: Backtrace:
GetHandleVerifier [0x0144A813+48355]
(No symbol) [0x013DC4B1]
(No symbol) [0x012E5358]
(No symbol) [0x013061AC]
(No symbol) [0x01301EF3]
(No symbol) [0x01300579]
(No symbol) [0x01330C55]
(No symbol) [0x0133093C]
(No symbol) [0x0132A536]
(No symbol) [0x013082DC]
(No symbol) [0x013093DD]
GetHandleVerifier [0x016AAABD+2539405]
GetHandleVerifier [0x016EA78F+2800735]
GetHandleVerifier [0x016E456C+2775612]
GetHandleVerifier [0x014D51E0+616112]
(No symbol) [0x013E5F8C]
(No symbol) [0x013E2328]
(No symbol) [0x013E240B]
(No symbol) [0x013D4FF7]
BaseThreadInitThunk [0x76BF3744+36]
RtlSetCurrentTransaction [0x77A7A064+212]
RtlSetCurrentTransaction [0x77A7A02F+159]

at java.base/jdk.internal.reflect.NativeConstructorAccessorImpl.newInstance0(Native Method)
at java.base/jdk.internal.reflect.NativeConstructorAccessorImpl.newInstance(NativeConstructorAccessorImpl.java:77)
at java.base/jdk.internal.reflect.DelegatingConstructorAccessorImpl.newInstance(DelegatingConstructorAccessorImpl.java:45)
at java.base/java.lang.reflect.Constructor.newInstanceWithCaller(Constructor.java:499)
at java.base/java.lang.reflect.Constructor.newInstance(Constructor.java:480)
at org.openqa.selenium.remote.W3CHandshakeResponse.lambda$errorHandler$0(W3CHandshakeResponse.java:62)
at org.openqa.selenium.remote.HandshakeResponse.lambda$getResponseFunction$0(HandshakeResponse.java:30)
at org.openqa.selenium.remote.ProtocolHandshake.lambda$createSession$0(ProtocolHandshake.java:126)
at java.base/java.util.stream.ReferencePipeline$3$1.accept(ReferencePipeline.java:197)
at java.base/java.util.Spliterators$ArraySpliterator.tryAdvance(Spliterators.java:1002)
at java.base/java.util.stream.ReferencePipeline.forEachWithCancel(ReferencePipeline.java:129)
at java.base/java.util.stream.AbstractPipeline.copyIntoWithCancel(AbstractPipeline.java:527)
at java.base/java.util.stream.AbstractPipeline.copyInto(AbstractPipeline.java:513)
at java.base/java.util.stream.AbstractPipeline.wrapAndCopyInto(AbstractPipeline.java:499)
at java.base/java.util.stream.FindOps$FindOp.evaluateSequential(FindOps.java:150)
at java.base/java.util.stream.AbstractPipeline.evaluate(AbstractPipeline.java:234)
at java.base/java.util.stream.ReferencePipeline.findFirst(ReferencePipeline.java:647)
at org.openqa.selenium.remote.ProtocolHandshake.createSession(ProtocolHandshake.java:128)
at org.openqa.selenium.remote.ProtocolHandshake.createSession(ProtocolHandshake.java:74)
at org.openqa.selenium.remote.HttpCommandExecutor.execute(HttpCommandExecutor.java:136)
at org.openqa.selenium.remote.service.DriverCommandExecutor.execute(DriverCommandExecutor.java:83)
at org.openqa.selenium.remote.RemoteWebDriver.execute(RemoteWebDriver.java:552)
at org.openqa.selenium.remote.RemoteWebDriver.startSession(RemoteWebDriver.java:213)
at org.openqa.selenium.remote.RemoteWebDriver.<init>(RemoteWebDriver.java:131)
at org.openqa.selenium.chrome.ChromeDriver.<init>(ChromeDriver.java:181)
at org.openqa.selenium.chrome.ChromeDriver.<init>(ChromeDriver.java:168)
at org.openqa.selenium.chrome.ChromeDriver.<init>(ChromeDriver.java:123)
at vTiger.GenericLibrary.BaseClass.beforeclass(BaseClass.java:49)
at java.base/jdk.internal.reflect.NativeMethodAccessorImpl.invoke0(Native Method)
at java.base/jdk.internal.reflect.NativeMethodAccessorImpl.invoke(NativeMethodAccessorImpl.java:77)
at java.base/jdk.internal.reflect.DelegatingMethodAccessorImpl.invoke(DelegatingMethodAccessorImpl.java:43)
at java.base/java.lang.reflect.Method.invoke(Method.java:568)
at org.testng.internal.MethodInvocationHelper.invokeMethod(MethodInvocationHelper.java:133)
at org.testng.internal.MethodInvocationHelper.invokeMethodConsideringTimeout(MethodInvocationHelper.java:62)
at org.testng.internal.ConfigInvoker.invokeConfigurationMethod(ConfigInvoker.java:385)
at org.testng.internal.ConfigInvoker.invokeConfigurations(ConfigInvoker.java:321)
at org.testng.internal.TestMethodWorker.invokeBeforeClassMethods(TestMethodWorker.java:176)
at org.testng.internal.TestMethodWorker.run(TestMethodWorker.java:122)
at java.base/java.util.ArrayList.forEach(ArrayList.java:1511)
at org.testng.TestRunner.privateRun(TestRunner.java:794)
at org.testng.TestRunner.run(TestRunner.java:596)
at org.testng.SuiteRunner.runTest(SuiteRunner.java:377)
at org.testng.SuiteRunner.runSequentially(SuiteRunner.java:371)
at org.testng.SuiteRunner.privateRun(SuiteRunner.java:332)
at org.testng.SuiteRunner.run(SuiteRunner.java:276)
at org.testng.SuiteRunnerWorker.runSuite(SuiteRunnerWorker.java:53)
at org.testng.SuiteRunnerWorker.run(SuiteRunnerWorker.java:96)
at org.testng.TestNG.runSuitesSequentially(TestNG.java:1212)
at org.testng.TestNG.runSuitesLocally(TestNG.java:1134)
at org.testng.TestNG.runSuites(TestNG.java:1063)
at org.testng.TestNG.run(TestNG.java:1031)
at org.testng.remote.AbstractRemoteTestNG.run(AbstractRemoteTestNG.java:115)
at org.testng.remote.RemoteTestNG.initAndRun(RemoteTestNG.java:251)
at org.testng.remote.RemoteTestNG.main(RemoteTestNG.java:77)
]]>
    </failure>
  </testcase> <!-- @BeforeClass beforeclass -->
  <testcase classname="vTiger.GenericLibrary.BaseClass" name="@BeforeMethod beforemethodConfig" time="-1.696908950745E9">
    <skipped/>
  </testcase> <!-- @BeforeMethod beforemethodConfig -->
  <testcase classname="vTiger.GenericLibrary.BaseClass" name="@AfterMethod aftermethodConfig" time="-1.696908950807E9">
    <skipped/>
  </testcase> <!-- @AfterMethod aftermethodConfig -->
  <testcase classname="vTiger.GenericLibrary.BaseClass" name="@AfterClass afterclassConfig" time="-1.696908950831E9">
    <skipped/>
  </testcase> <!-- @AfterClass afterclassConfig -->
  <testcase classname="vTiger.GenericLibrary.CreateContactTest" name="CreateContactT" time="0.0">
    <skipped/>
  </testcase> <!-- CreateContactT -->
</testsuite> <!-- Default test -->
